<?xml version="1.0" encoding="UTF-8"?>
<TestRun id="035cb43b-745e-48e1-90ab-f8a94a8b6414" name="Macbook Air@WIN-DE2CCND9S8P 2014-02-23 13:04:42" runUser="WIN-DE2CCND9S8P\Macbook Air" xmlns="http://microsoft.com/schemas/VisualStudio/TeamTest/2010">
  <TestSettings name="Default Test Settings" id="42b01c75-6797-4d28-b3d1-a13c467ed5cc">
    <Execution>
      <TestTypeSpecific />
      <AgentRule name="Execution Agents">
      </AgentRule>
    </Execution>
    <Deployment runDeploymentRoot="Macbook Air_WIN-DE2CCND9S8P 2014-02-23 13_04_42" />
  </TestSettings>
  <Times creation="2014-02-23T13:04:42.3967523+00:00" queuing="2014-02-23T13:04:46.4711955+00:00" start="2014-02-23T13:04:46.6463005+00:00" finish="2014-02-23T13:04:47.5688537+00:00" />
  <ResultSummary outcome="Failed">
    <Counters total="1" executed="1" error="0" failed="1" timeout="0" aborted="0" inconclusive="0" passedButRunAborted="0" notRunnable="0" notExecuted="0" disconnected="0" warning="0" passed="0" completed="0" inProgress="0" pending="0" />
    <RunInfos>
      <RunInfo computerName="WIN-DE2CCND9S8P" outcome="Warning" timestamp="2014-02-23T13:04:46.4471811+00:00">
        <Text>Warning: Test Run deployment issue: The assembly or module 'NLog' directly or indirectly referenced by the test container 'c:\users\macbook air\appdata\local\temp\ninjaturtles\310281fdbe6f4983ade401365f116a4b\checkoutbusinesslogictest.dll' was not found.</Text>
      </RunInfo>
    </RunInfos>
  </ResultSummary>
  <TestDefinitions>
    <UnitTest name="ShouldRetrieveRequirements" storage="c:\users\macbook air\appdata\local\temp\ninjaturtles\310281fdbe6f4983ade401365f116a4b\checkoutbusinesslogictest.dll" id="6bfab240-b6e0-4cdc-1d35-b5300153f27f">
      <Execution id="71d6718f-951d-41ef-94e9-dbea9ddbd04a" />
      <TestMethod codeBase="C:/Users/Macbook Air/AppData/Local/Temp/NinjaTurtles/310281fdbe6f4983ade401365f116a4b/CheckoutBusinessLogicTest.DLL" adapterTypeName="Microsoft.VisualStudio.TestTools.TestTypes.Unit.UnitTestAdapter, Microsoft.VisualStudio.QualityTools.Tips.UnitTest.Adapter, Version=11.0.0.0, Culture=neutral, PublicKeyToken=b03f5f7f11d50a3a" className="CheckoutConsoleTest.RequirementsRetrievalTest, CheckoutBusinessLogicTest, Version=1.0.0.0, Culture=neutral, PublicKeyToken=null" name="ShouldRetrieveRequirements" />
    </UnitTest>
  </TestDefinitions>
  <TestLists>
    <TestList name="Results Not in a List" id="8c84fa94-04c1-424b-9868-57a2d4851a1d" />
    <TestList name="All Loaded Results" id="19431567-8539-422a-85d7-44ee4e166bda" />
  </TestLists>
  <TestEntries>
    <TestEntry testId="6bfab240-b6e0-4cdc-1d35-b5300153f27f" executionId="71d6718f-951d-41ef-94e9-dbea9ddbd04a" testListId="8c84fa94-04c1-424b-9868-57a2d4851a1d" />
  </TestEntries>
  <Results>
    <UnitTestResult executionId="71d6718f-951d-41ef-94e9-dbea9ddbd04a" testId="6bfab240-b6e0-4cdc-1d35-b5300153f27f" testName="ShouldRetrieveRequirements" computerName="WIN-DE2CCND9S8P" duration="00:00:00.4289730" startTime="2014-02-23T13:04:46.6883257+00:00" endTime="2014-02-23T13:04:47.4928081+00:00" testType="13cdc9d9-ddb5-4fa4-a97d-d965ccfc6d4b" outcome="Failed" testListId="8c84fa94-04c1-424b-9868-57a2d4851a1d" relativeResultsDirectory="71d6718f-951d-41ef-94e9-dbea9ddbd04a">
      <Output>
        <ErrorInfo>
          <Message>Test method CheckoutConsoleTest.RequirementsRetrievalTest.ShouldRetrieveRequirements threw exception: 
System.NullReferenceException: Object reference not set to an instance of an object.</Message>
          <StackTrace>    at CheckoutUtils.Requirements.retrieve(ICheckoutClient client, String teamName)
   at CheckoutConsoleTest.RequirementsRetrievalTest.ShouldRetrieveRequirements() in c:\Users\Macbook Air\Documents\Visual Studio 2012\Projects\MutationTesting.NET\CheckoutBusinessLogicTest\RequirementsRetrievalTest.cs:line 38
</StackTrace>
        </ErrorInfo>
      </Output>
    </UnitTestResult>
  </Results>
</TestRun>