<?xml version="1.0" encoding="UTF-8"?>
<TestRun id="dbb2755d-0331-4144-a556-32c0c8e81eb4" name="Macbook Air@WIN-DE2CCND9S8P 2014-02-19 09:12:08" runUser="WIN-DE2CCND9S8P\Macbook Air" xmlns="http://microsoft.com/schemas/VisualStudio/TeamTest/2010">
  <TestSettings name="Default Test Settings" id="5c39a0e4-3882-40bd-97f1-f559f45d538a">
    <Execution>
      <TestTypeSpecific />
      <AgentRule name="Execution Agents">
      </AgentRule>
    </Execution>
    <Deployment runDeploymentRoot="Macbook Air_WIN-DE2CCND9S8P 2014-02-19 09_12_08[1]" />
  </TestSettings>
  <Times creation="2014-02-19T09:12:08.4845519+00:00" queuing="2014-02-19T09:12:10.4337207+00:00" start="2014-02-19T09:12:10.8319595+00:00" finish="2014-02-19T09:12:12.7991391+00:00" />
  <ResultSummary outcome="Failed">
    <Counters total="1" executed="1" error="0" failed="1" timeout="0" aborted="0" inconclusive="0" passedButRunAborted="0" notRunnable="0" notExecuted="0" disconnected="0" warning="0" passed="0" completed="0" inProgress="0" pending="0" />
    <RunInfos>
      <RunInfo computerName="WIN-DE2CCND9S8P" outcome="Warning" timestamp="2014-02-19T09:12:10.3186517+00:00">
        <Text>Warning: Test Run deployment issue: The assembly or module 'NLog' directly or indirectly referenced by the test container 'c:\users\macbook air\appdata\local\temp\ninjaturtles\aa12fdc318b542a6aab8408fa3c4b5ba\checkoutconsoletest.dll' was not found.</Text>
      </RunInfo>
    </RunInfos>
  </ResultSummary>
  <TestDefinitions>
    <UnitTest name="ShouldRegisterTeam" storage="c:\users\macbook air\appdata\local\temp\ninjaturtles\aa12fdc318b542a6aab8408fa3c4b5ba\checkoutconsoletest.dll" id="ca74c2fc-f984-558b-2f9e-2b79b67fe6ed">
      <Execution id="37dd4a52-1ceb-48b1-b88f-c8088995e328" />
      <TestMethod codeBase="C:/Users/Macbook Air/AppData/Local/Temp/NinjaTurtles/aa12fdc318b542a6aab8408fa3c4b5ba/CheckoutConsoleTest.DLL" adapterTypeName="Microsoft.VisualStudio.TestTools.TestTypes.Unit.UnitTestAdapter, Microsoft.VisualStudio.QualityTools.Tips.UnitTest.Adapter, Version=11.0.0.0, Culture=neutral, PublicKeyToken=b03f5f7f11d50a3a" className="CheckoutConsoleTest.TeamRegistrationTest, CheckoutConsoleTest, Version=1.0.0.0, Culture=neutral, PublicKeyToken=null" name="ShouldRegisterTeam" />
    </UnitTest>
  </TestDefinitions>
  <TestLists>
    <TestList name="Results Not in a List" id="8c84fa94-04c1-424b-9868-57a2d4851a1d" />
    <TestList name="All Loaded Results" id="19431567-8539-422a-85d7-44ee4e166bda" />
  </TestLists>
  <TestEntries>
    <TestEntry testId="ca74c2fc-f984-558b-2f9e-2b79b67fe6ed" executionId="37dd4a52-1ceb-48b1-b88f-c8088995e328" testListId="8c84fa94-04c1-424b-9868-57a2d4851a1d" />
  </TestEntries>
  <Results>
    <UnitTestResult executionId="37dd4a52-1ceb-48b1-b88f-c8088995e328" testId="ca74c2fc-f984-558b-2f9e-2b79b67fe6ed" testName="ShouldRegisterTeam" computerName="WIN-DE2CCND9S8P" duration="00:00:01.0286033" startTime="2014-02-19T09:12:10.7449073+00:00" endTime="2014-02-19T09:12:12.4719429+00:00" testType="13cdc9d9-ddb5-4fa4-a97d-d965ccfc6d4b" outcome="Failed" testListId="8c84fa94-04c1-424b-9868-57a2d4851a1d" relativeResultsDirectory="37dd4a52-1ceb-48b1-b88f-c8088995e328">
      <Output>
        <ErrorInfo>
          <Message>Test method CheckoutConsoleTest.TeamRegistrationTest.ShouldRegisterTeam threw exception: 
System.NullReferenceException: Object reference not set to an instance of an object.</Message>
          <StackTrace>    at CheckoutConsoleTest.TeamRegistrationTest.&lt;ShouldRegisterTeam&gt;b__2(String path, Object req) in c:\Users\Macbook Air\Documents\Visual Studio 2012\Projects\CheckoutConsole\CheckoutConsoleTest\TeamRegistrationTest.cs:line 33
   at FakeItEasy.ReturnsLazilyExtensions.&lt;&gt;c__DisplayClass7`3.&lt;ReturnsLazily&gt;b__6(IFakeObjectCall call)
   at FakeItEasy.Configuration.RuleBuilder.ReturnValueConfiguration`1.&lt;&gt;c__DisplayClass8.&lt;ReturnsLazily&gt;b__7(IInterceptedFakeObjectCall x)
   at FakeItEasy.Configuration.BuildableCallRule.Apply(IInterceptedFakeObjectCall fakeObjectCall)
   at FakeItEasy.Core.FakeManager.ApplyRule(CallRuleMetadata rule, IInterceptedFakeObjectCall fakeObjectCall)
   at FakeItEasy.Core.FakeManager.Intercept(IWritableFakeObjectCall fakeObjectCall)
   at FakeItEasy.Core.FakeManager.Proxy_CallWasIntercepted(Object sender, CallInterceptedEventArgs e)
   at FakeItEasy.Creation.CastleDynamicProxy.CastleDynamicProxyGenerator.ProxyInterceptor.RaiseCallWasIntercepted(IInvocation invocation)
   at FakeItEasy.Creation.CastleDynamicProxy.CastleDynamicProxyGenerator.ProxyInterceptor.Intercept(IInvocation invocation)
   at Castle.DynamicProxy.AbstractInvocation.Proceed()
   at Castle.Proxies.ObjectProxy.put[T](String path, Object req)
   at CheckoutUtils.Team.register(ICheckoutClient client, String teamName)
   at CheckoutConsoleTest.TeamRegistrationTest.ShouldRegisterTeam() in c:\Users\Macbook Air\Documents\Visual Studio 2012\Projects\CheckoutConsole\CheckoutConsoleTest\TeamRegistrationTest.cs:line 36
</StackTrace>
        </ErrorInfo>
      </Output>
    </UnitTestResult>
  </Results>
</TestRun>