<?xml version="1.0" encoding="UTF-8"?>
<TestRun id="17572d2f-38a2-4200-b4e6-21a0056e59b3" name="Macbook Air@WIN-DE2CCND9S8P 2014-02-23 13:09:42" runUser="WIN-DE2CCND9S8P\Macbook Air" xmlns="http://microsoft.com/schemas/VisualStudio/TeamTest/2010">
  <TestSettings name="Default Test Settings" id="f9a53675-957d-47d0-b875-e5b93d5e5be3">
    <Execution>
      <TestTypeSpecific />
      <AgentRule name="Execution Agents">
      </AgentRule>
    </Execution>
    <Deployment runDeploymentRoot="Macbook Air_WIN-DE2CCND9S8P 2014-02-23 13_09_42" />
  </TestSettings>
  <Times creation="2014-02-23T13:09:42.3610257+00:00" queuing="2014-02-23T13:09:43.2375513+00:00" start="2014-02-23T13:09:43.3876413+00:00" finish="2014-02-23T13:09:44.0640469+00:00" />
  <ResultSummary outcome="Failed">
    <Counters total="1" executed="1" error="0" failed="1" timeout="0" aborted="0" inconclusive="0" passedButRunAborted="0" notRunnable="0" notExecuted="0" disconnected="0" warning="0" passed="0" completed="0" inProgress="0" pending="0" />
    <RunInfos>
      <RunInfo computerName="WIN-DE2CCND9S8P" outcome="Warning" timestamp="2014-02-23T13:09:43.2155381+00:00">
        <Text>Warning: Test Run deployment issue: The assembly or module 'NLog' directly or indirectly referenced by the test container 'c:\users\macbook air\appdata\local\temp\ninjaturtles\b3e3edbd772e429b949b64307064bc0d\checkoutbusinesslogictest.dll' was not found.</Text>
      </RunInfo>
    </RunInfos>
  </ResultSummary>
  <TestDefinitions>
    <UnitTest name="ShouldRetrieveRequirements" storage="c:\users\macbook air\appdata\local\temp\ninjaturtles\b3e3edbd772e429b949b64307064bc0d\checkoutbusinesslogictest.dll" id="35440be6-f8ae-dd5d-9f70-286ed3069d4c">
      <Execution id="ceef4127-95cb-4e87-8896-1489ab2f6415" />
      <TestMethod codeBase="C:/Users/Macbook Air/AppData/Local/Temp/NinjaTurtles/b3e3edbd772e429b949b64307064bc0d/CheckoutBusinessLogicTest.DLL" adapterTypeName="Microsoft.VisualStudio.TestTools.TestTypes.Unit.UnitTestAdapter, Microsoft.VisualStudio.QualityTools.Tips.UnitTest.Adapter, Version=11.0.0.0, Culture=neutral, PublicKeyToken=b03f5f7f11d50a3a" className="CheckoutBusinessLogicTest.RequirementsRetrievalTest, CheckoutBusinessLogicTest, Version=1.0.0.0, Culture=neutral, PublicKeyToken=null" name="ShouldRetrieveRequirements" />
    </UnitTest>
  </TestDefinitions>
  <TestLists>
    <TestList name="Results Not in a List" id="8c84fa94-04c1-424b-9868-57a2d4851a1d" />
    <TestList name="All Loaded Results" id="19431567-8539-422a-85d7-44ee4e166bda" />
  </TestLists>
  <TestEntries>
    <TestEntry testId="35440be6-f8ae-dd5d-9f70-286ed3069d4c" executionId="ceef4127-95cb-4e87-8896-1489ab2f6415" testListId="8c84fa94-04c1-424b-9868-57a2d4851a1d" />
  </TestEntries>
  <Results>
    <UnitTestResult executionId="ceef4127-95cb-4e87-8896-1489ab2f6415" testId="35440be6-f8ae-dd5d-9f70-286ed3069d4c" testName="ShouldRetrieveRequirements" computerName="WIN-DE2CCND9S8P" duration="00:00:00.3121314" startTime="2014-02-23T13:09:43.4156581+00:00" endTime="2014-02-23T13:09:44.0050115+00:00" testType="13cdc9d9-ddb5-4fa4-a97d-d965ccfc6d4b" outcome="Failed" testListId="8c84fa94-04c1-424b-9868-57a2d4851a1d" relativeResultsDirectory="ceef4127-95cb-4e87-8896-1489ab2f6415">
      <Output>
        <ErrorInfo>
          <Message>Test method CheckoutBusinessLogicTest.RequirementsRetrievalTest.ShouldRetrieveRequirements threw exception: 
System.NullReferenceException: Object reference not set to an instance of an object.</Message>
          <StackTrace>    at CheckoutBusinessLogic.Requirements.retrieve(ICheckoutClient client, String teamName)
   at CheckoutBusinessLogicTest.RequirementsRetrievalTest.ShouldRetrieveRequirements() in c:\Users\Macbook Air\Documents\Visual Studio 2012\Projects\MutationTesting.NET\CheckoutBusinessLogicTest\RequirementsRetrievalTest.cs:line 38
</StackTrace>
        </ErrorInfo>
      </Output>
    </UnitTestResult>
  </Results>
</TestRun>