<?xml version="1.0" encoding="UTF-8"?>
<TestRun id="b36759bf-c4c6-41ef-acee-266b0312d909" name="Macbook Air@WIN-DE2CCND9S8P 2014-02-19 09:12:15" runUser="WIN-DE2CCND9S8P\Macbook Air" xmlns="http://microsoft.com/schemas/VisualStudio/TeamTest/2010">
  <TestSettings name="Default Test Settings" id="6d5cd889-9bb4-44a1-98c7-5bd5c944b778">
    <Execution>
      <TestTypeSpecific />
      <AgentRule name="Execution Agents">
      </AgentRule>
    </Execution>
    <Deployment runDeploymentRoot="Macbook Air_WIN-DE2CCND9S8P 2014-02-19 09_12_15" />
  </TestSettings>
  <Times creation="2014-02-19T09:12:15.5227723+00:00" queuing="2014-02-19T09:12:16.6614551+00:00" start="2014-02-19T09:12:17.0246729+00:00" finish="2014-02-19T09:12:18.6086227+00:00" />
  <ResultSummary outcome="Failed">
    <Counters total="1" executed="1" error="0" failed="1" timeout="0" aborted="0" inconclusive="0" passedButRunAborted="0" notRunnable="0" notExecuted="0" disconnected="0" warning="0" passed="0" completed="0" inProgress="0" pending="0" />
    <RunInfos>
      <RunInfo computerName="WIN-DE2CCND9S8P" outcome="Warning" timestamp="2014-02-19T09:12:16.5714011+00:00">
        <Text>Warning: Test Run deployment issue: The assembly or module 'NLog' directly or indirectly referenced by the test container 'c:\users\macbook air\appdata\local\temp\ninjaturtles\c1600f92cbeb455693556f6a07c98897\checkoutconsoletest.dll' was not found.</Text>
      </RunInfo>
    </RunInfos>
  </ResultSummary>
  <TestDefinitions>
    <UnitTest name="ShouldRegisterTeam" storage="c:\users\macbook air\appdata\local\temp\ninjaturtles\c1600f92cbeb455693556f6a07c98897\checkoutconsoletest.dll" id="ca74c2fc-f984-558b-2f9e-2b79b67fe6ed">
      <Execution id="c9cc59a8-7e5a-4e5a-8731-2aeea258491f" />
      <TestMethod codeBase="C:/Users/Macbook Air/AppData/Local/Temp/NinjaTurtles/c1600f92cbeb455693556f6a07c98897/CheckoutConsoleTest.DLL" adapterTypeName="Microsoft.VisualStudio.TestTools.TestTypes.Unit.UnitTestAdapter, Microsoft.VisualStudio.QualityTools.Tips.UnitTest.Adapter, Version=11.0.0.0, Culture=neutral, PublicKeyToken=b03f5f7f11d50a3a" className="CheckoutConsoleTest.TeamRegistrationTest, CheckoutConsoleTest, Version=1.0.0.0, Culture=neutral, PublicKeyToken=null" name="ShouldRegisterTeam" />
    </UnitTest>
  </TestDefinitions>
  <TestLists>
    <TestList name="Results Not in a List" id="8c84fa94-04c1-424b-9868-57a2d4851a1d" />
    <TestList name="All Loaded Results" id="19431567-8539-422a-85d7-44ee4e166bda" />
  </TestLists>
  <TestEntries>
    <TestEntry testId="ca74c2fc-f984-558b-2f9e-2b79b67fe6ed" executionId="c9cc59a8-7e5a-4e5a-8731-2aeea258491f" testListId="8c84fa94-04c1-424b-9868-57a2d4851a1d" />
  </TestEntries>
  <Results>
    <UnitTestResult executionId="c9cc59a8-7e5a-4e5a-8731-2aeea258491f" testId="ca74c2fc-f984-558b-2f9e-2b79b67fe6ed" testName="ShouldRegisterTeam" computerName="WIN-DE2CCND9S8P" duration="00:00:00.8723903" startTime="2014-02-19T09:12:16.9976567+00:00" endTime="2014-02-19T09:12:18.4475261+00:00" testType="13cdc9d9-ddb5-4fa4-a97d-d965ccfc6d4b" outcome="Failed" testListId="8c84fa94-04c1-424b-9868-57a2d4851a1d" relativeResultsDirectory="c9cc59a8-7e5a-4e5a-8731-2aeea258491f">
      <Output>
        <ErrorInfo>
          <Message>Test method CheckoutConsoleTest.TeamRegistrationTest.ShouldRegisterTeam threw exception: 
System.NullReferenceException: Object reference not set to an instance of an object.</Message>
          <StackTrace>    at CheckoutUtils.Team.register(ICheckoutClient client, String teamName)
   at CheckoutConsoleTest.TeamRegistrationTest.ShouldRegisterTeam() in c:\Users\Macbook Air\Documents\Visual Studio 2012\Projects\CheckoutConsole\CheckoutConsoleTest\TeamRegistrationTest.cs:line 36
</StackTrace>
        </ErrorInfo>
      </Output>
    </UnitTestResult>
  </Results>
</TestRun>