<?xml version="1.0" encoding="UTF-8"?>
<TestRun id="3b64fdaf-f44b-4cb9-b89b-0c20e5be6494" name="Macbook Air@WIN-DE2CCND9S8P 2014-02-19 08:51:50" runUser="WIN-DE2CCND9S8P\Macbook Air" xmlns="http://microsoft.com/schemas/VisualStudio/TeamTest/2010">
  <TestSettings name="Default Test Settings" id="3d7609d1-5adf-47ca-81b2-dab4901bc188">
    <Execution>
      <TestTypeSpecific />
      <AgentRule name="Execution Agents">
      </AgentRule>
    </Execution>
    <Deployment runDeploymentRoot="Macbook Air_WIN-DE2CCND9S8P 2014-02-19 08_51_50" />
  </TestSettings>
  <Times creation="2014-02-19T08:51:50.1899713+00:00" queuing="2014-02-19T08:51:52.0889203+00:00" start="2014-02-19T08:51:52.3240378+00:00" finish="2014-02-19T08:51:53.4666088+00:00" />
  <ResultSummary outcome="Failed">
    <Counters total="1" executed="1" error="0" failed="1" timeout="0" aborted="0" inconclusive="0" passedButRunAborted="0" notRunnable="0" notExecuted="0" disconnected="0" warning="0" passed="0" completed="0" inProgress="0" pending="0" />
    <RunInfos>
      <RunInfo computerName="WIN-DE2CCND9S8P" outcome="Warning" timestamp="2014-02-19T08:51:52.0208863+00:00">
        <Text>Warning: Test Run deployment issue: The assembly or module 'NLog' directly or indirectly referenced by the test container 'c:\users\macbook air\appdata\local\temp\ninjaturtles\01123fab30fc4413a6fa3478cc916b1d\checkoutconsoletest.dll' was not found.</Text>
      </RunInfo>
    </RunInfos>
  </ResultSummary>
  <TestDefinitions>
    <UnitTest name="ShouldRegisterTeam" storage="c:\users\macbook air\appdata\local\temp\ninjaturtles\01123fab30fc4413a6fa3478cc916b1d\checkoutconsoletest.dll" id="ca74c2fc-f984-558b-2f9e-2b79b67fe6ed">
      <Execution id="4eae2606-5054-4824-9bb8-c5710f29bc4a" />
      <TestMethod codeBase="C:/Users/Macbook Air/AppData/Local/Temp/NinjaTurtles/01123fab30fc4413a6fa3478cc916b1d/CheckoutConsoleTest.DLL" adapterTypeName="Microsoft.VisualStudio.TestTools.TestTypes.Unit.UnitTestAdapter, Microsoft.VisualStudio.QualityTools.Tips.UnitTest.Adapter, Version=11.0.0.0, Culture=neutral, PublicKeyToken=b03f5f7f11d50a3a" className="CheckoutConsoleTest.TeamRegistrationTest, CheckoutConsoleTest, Version=1.0.0.0, Culture=neutral, PublicKeyToken=null" name="ShouldRegisterTeam" />
    </UnitTest>
  </TestDefinitions>
  <TestLists>
    <TestList name="Results Not in a List" id="8c84fa94-04c1-424b-9868-57a2d4851a1d" />
    <TestList name="All Loaded Results" id="19431567-8539-422a-85d7-44ee4e166bda" />
  </TestLists>
  <TestEntries>
    <TestEntry testId="ca74c2fc-f984-558b-2f9e-2b79b67fe6ed" executionId="4eae2606-5054-4824-9bb8-c5710f29bc4a" testListId="8c84fa94-04c1-424b-9868-57a2d4851a1d" />
  </TestEntries>
  <Results>
    <UnitTestResult executionId="4eae2606-5054-4824-9bb8-c5710f29bc4a" testId="ca74c2fc-f984-558b-2f9e-2b79b67fe6ed" testName="ShouldRegisterTeam" computerName="WIN-DE2CCND9S8P" duration="00:00:00.6237763" startTime="2014-02-19T08:51:52.3010263+00:00" endTime="2014-02-19T08:51:53.3445478+00:00" testType="13cdc9d9-ddb5-4fa4-a97d-d965ccfc6d4b" outcome="Failed" testListId="8c84fa94-04c1-424b-9868-57a2d4851a1d" relativeResultsDirectory="4eae2606-5054-4824-9bb8-c5710f29bc4a">
      <Output>
        <ErrorInfo>
          <Message>Test method CheckoutConsoleTest.TeamRegistrationTest.ShouldRegisterTeam threw exception: 
FakeItEasy.ExpectationException: Call to non configured method "put" of strict fake.</Message>
          <StackTrace>    at FakeItEasy.StrictExtensions.&lt;Strict&gt;b__0[T](IFakeObjectCall c)
   at FakeItEasy.Configuration.BuildableCallRule.Apply(IInterceptedFakeObjectCall fakeObjectCall)
   at FakeItEasy.Core.FakeManager.ApplyRule(CallRuleMetadata rule, IInterceptedFakeObjectCall fakeObjectCall)
   at FakeItEasy.Core.FakeManager.Intercept(IWritableFakeObjectCall fakeObjectCall)
   at FakeItEasy.Core.FakeManager.Proxy_CallWasIntercepted(Object sender, CallInterceptedEventArgs e)
   at FakeItEasy.Creation.CastleDynamicProxy.CastleDynamicProxyGenerator.ProxyInterceptor.RaiseCallWasIntercepted(IInvocation invocation)
   at FakeItEasy.Creation.CastleDynamicProxy.CastleDynamicProxyGenerator.ProxyInterceptor.Intercept(IInvocation invocation)
   at Castle.DynamicProxy.AbstractInvocation.Proceed()
   at Castle.Proxies.ObjectProxy.put[T](String path, Object req)
   at CheckoutUtils.Team.register(ICheckoutClient client, String teamName)
   at CheckoutConsoleTest.TeamRegistrationTest.ShouldRegisterTeam() in c:\Users\Macbook Air\Documents\Visual Studio 2012\Projects\CheckoutConsole\CheckoutConsoleTest\TeamRegistrationTest.cs:line 36
</StackTrace>
        </ErrorInfo>
      </Output>
    </UnitTestResult>
  </Results>
</TestRun>