<?xml version="1.0" encoding="UTF-8"?>
<TestRun id="3dba653a-be65-4eca-aabd-7d997f2b3461" name="Macbook Air@WIN-DE2CCND9S8P 2014-02-19 09:20:58" runUser="WIN-DE2CCND9S8P\Macbook Air" xmlns="http://microsoft.com/schemas/VisualStudio/TeamTest/2010">
  <TestSettings name="Default Test Settings" id="5ae0c790-a085-489b-be68-c659aa11f151">
    <Execution>
      <TestTypeSpecific />
      <AgentRule name="Execution Agents">
      </AgentRule>
    </Execution>
    <Deployment runDeploymentRoot="Macbook Air_WIN-DE2CCND9S8P 2014-02-19 09_20_58" />
  </TestSettings>
  <Times creation="2014-02-19T09:20:59.0683231+00:00" queuing="2014-02-19T09:21:00.9932061+00:00" start="2014-02-19T09:21:01.4328646+00:00" finish="2014-02-19T09:21:03.8564946+00:00" />
  <ResultSummary outcome="Failed">
    <Counters total="1" executed="1" error="0" failed="1" timeout="0" aborted="0" inconclusive="0" passedButRunAborted="0" notRunnable="0" notExecuted="0" disconnected="0" warning="0" passed="0" completed="0" inProgress="0" pending="0" />
    <RunInfos>
      <RunInfo computerName="WIN-DE2CCND9S8P" outcome="Warning" timestamp="2014-02-19T09:21:00.8519946+00:00">
        <Text>Warning: Test Run deployment issue: The assembly or module 'NLog' directly or indirectly referenced by the test container 'c:\users\macbook air\appdata\local\temp\ninjaturtles\6387a13364d945328a20acd581641f9f\checkoutconsoletest.dll' was not found.</Text>
      </RunInfo>
    </RunInfos>
  </ResultSummary>
  <TestDefinitions>
    <UnitTest name="ShouldRegisterTeam" storage="c:\users\macbook air\appdata\local\temp\ninjaturtles\6387a13364d945328a20acd581641f9f\checkoutconsoletest.dll" id="ca74c2fc-f984-558b-2f9e-2b79b67fe6ed">
      <Execution id="544d4254-cd68-4090-aabf-f9cbefcb179e" />
      <TestMethod codeBase="C:/Users/Macbook Air/AppData/Local/Temp/NinjaTurtles/6387a13364d945328a20acd581641f9f/CheckoutConsoleTest.DLL" adapterTypeName="Microsoft.VisualStudio.TestTools.TestTypes.Unit.UnitTestAdapter, Microsoft.VisualStudio.QualityTools.Tips.UnitTest.Adapter, Version=11.0.0.0, Culture=neutral, PublicKeyToken=b03f5f7f11d50a3a" className="CheckoutConsoleTest.TeamRegistrationTest, CheckoutConsoleTest, Version=1.0.0.0, Culture=neutral, PublicKeyToken=null" name="ShouldRegisterTeam" />
    </UnitTest>
  </TestDefinitions>
  <TestLists>
    <TestList name="Results Not in a List" id="8c84fa94-04c1-424b-9868-57a2d4851a1d" />
    <TestList name="All Loaded Results" id="19431567-8539-422a-85d7-44ee4e166bda" />
  </TestLists>
  <TestEntries>
    <TestEntry testId="ca74c2fc-f984-558b-2f9e-2b79b67fe6ed" executionId="544d4254-cd68-4090-aabf-f9cbefcb179e" testListId="8c84fa94-04c1-424b-9868-57a2d4851a1d" />
  </TestEntries>
  <Results>
    <UnitTestResult executionId="544d4254-cd68-4090-aabf-f9cbefcb179e" testId="ca74c2fc-f984-558b-2f9e-2b79b67fe6ed" testName="ShouldRegisterTeam" computerName="WIN-DE2CCND9S8P" duration="00:00:01.1744016" startTime="2014-02-19T09:21:01.5620581+00:00" endTime="2014-02-19T09:21:03.5810821+00:00" testType="13cdc9d9-ddb5-4fa4-a97d-d965ccfc6d4b" outcome="Failed" testListId="8c84fa94-04c1-424b-9868-57a2d4851a1d" relativeResultsDirectory="544d4254-cd68-4090-aabf-f9cbefcb179e">
      <Output>
        <ErrorInfo>
          <Message>Test method CheckoutConsoleTest.TeamRegistrationTest.ShouldRegisterTeam threw exception: 
System.NullReferenceException: Object reference not set to an instance of an object.</Message>
          <StackTrace>    at CheckoutUtils.Team.register(ICheckoutClient client, String teamName)
   at CheckoutConsoleTest.TeamRegistrationTest.ShouldRegisterTeam() in c:\Users\Macbook Air\Documents\Visual Studio 2012\Projects\CheckoutConsole\CheckoutConsoleTest\TeamRegistrationTest.cs:line 36
</StackTrace>
        </ErrorInfo>
      </Output>
    </UnitTestResult>
  </Results>
</TestRun>