<?xml version="1.0" encoding="UTF-8"?>
<TestRun id="77ca4e06-6592-4272-b66b-212e09308757" name="Macbook Air@WIN-DE2CCND9S8P 2014-02-19 09:05:33" runUser="WIN-DE2CCND9S8P\Macbook Air" xmlns="http://microsoft.com/schemas/VisualStudio/TeamTest/2010">
  <TestSettings name="Default Test Settings" id="d03d96b9-48f0-4a69-86e3-daec2cdbedc0">
    <Execution>
      <TestTypeSpecific />
      <AgentRule name="Execution Agents">
      </AgentRule>
    </Execution>
    <Deployment runDeploymentRoot="Macbook Air_WIN-DE2CCND9S8P 2014-02-19 09_05_33[1]" />
  </TestSettings>
  <Times creation="2014-02-19T09:05:33.6237563+00:00" queuing="2014-02-19T09:05:35.4168315+00:00" start="2014-02-19T09:05:35.7940577+00:00" finish="2014-02-19T09:05:38.1794881+00:00" />
  <ResultSummary outcome="Failed">
    <Counters total="1" executed="1" error="0" failed="1" timeout="0" aborted="0" inconclusive="0" passedButRunAborted="0" notRunnable="0" notExecuted="0" disconnected="0" warning="0" passed="0" completed="0" inProgress="0" pending="0" />
    <RunInfos>
      <RunInfo computerName="WIN-DE2CCND9S8P" outcome="Warning" timestamp="2014-02-19T09:05:35.3838117+00:00">
        <Text>Warning: Test Run deployment issue: The assembly or module 'NLog' directly or indirectly referenced by the test container 'c:\users\macbook air\appdata\local\temp\ninjaturtles\5ec9ffbbe8b349b8bc49fe4d8f61d77c\checkoutconsoletest.dll' was not found.</Text>
      </RunInfo>
    </RunInfos>
  </ResultSummary>
  <TestDefinitions>
    <UnitTest name="ShouldRegisterTeam" storage="c:\users\macbook air\appdata\local\temp\ninjaturtles\5ec9ffbbe8b349b8bc49fe4d8f61d77c\checkoutconsoletest.dll" id="ca74c2fc-f984-558b-2f9e-2b79b67fe6ed">
      <Execution id="1d6a7778-b7df-4c11-a81f-d604d87fc975" />
      <TestMethod codeBase="C:/Users/Macbook Air/AppData/Local/Temp/NinjaTurtles/5ec9ffbbe8b349b8bc49fe4d8f61d77c/CheckoutConsoleTest.DLL" adapterTypeName="Microsoft.VisualStudio.TestTools.TestTypes.Unit.UnitTestAdapter, Microsoft.VisualStudio.QualityTools.Tips.UnitTest.Adapter, Version=11.0.0.0, Culture=neutral, PublicKeyToken=b03f5f7f11d50a3a" className="CheckoutConsoleTest.TeamRegistrationTest, CheckoutConsoleTest, Version=1.0.0.0, Culture=neutral, PublicKeyToken=null" name="ShouldRegisterTeam" />
    </UnitTest>
  </TestDefinitions>
  <TestLists>
    <TestList name="Results Not in a List" id="8c84fa94-04c1-424b-9868-57a2d4851a1d" />
    <TestList name="All Loaded Results" id="19431567-8539-422a-85d7-44ee4e166bda" />
  </TestLists>
  <TestEntries>
    <TestEntry testId="ca74c2fc-f984-558b-2f9e-2b79b67fe6ed" executionId="1d6a7778-b7df-4c11-a81f-d604d87fc975" testListId="8c84fa94-04c1-424b-9868-57a2d4851a1d" />
  </TestEntries>
  <Results>
    <UnitTestResult executionId="1d6a7778-b7df-4c11-a81f-d604d87fc975" testId="ca74c2fc-f984-558b-2f9e-2b79b67fe6ed" testName="ShouldRegisterTeam" computerName="WIN-DE2CCND9S8P" duration="00:00:01.1756443" startTime="2014-02-19T09:05:35.7450283+00:00" endTime="2014-02-19T09:05:37.5320999+00:00" testType="13cdc9d9-ddb5-4fa4-a97d-d965ccfc6d4b" outcome="Failed" testListId="8c84fa94-04c1-424b-9868-57a2d4851a1d" relativeResultsDirectory="1d6a7778-b7df-4c11-a81f-d604d87fc975">
      <Output>
        <ErrorInfo>
          <Message>Test method CheckoutConsoleTest.TeamRegistrationTest.ShouldRegisterTeam threw exception: 
System.NullReferenceException: Object reference not set to an instance of an object.</Message>
          <StackTrace>    at CheckoutUtils.Team.register(ICheckoutClient client, String teamName)
   at CheckoutConsoleTest.TeamRegistrationTest.ShouldRegisterTeam() in c:\Users\Macbook Air\Documents\Visual Studio 2012\Projects\CheckoutConsole\CheckoutConsoleTest\TeamRegistrationTest.cs:line 36
</StackTrace>
        </ErrorInfo>
      </Output>
    </UnitTestResult>
  </Results>
</TestRun>