<?xml version="1.0" encoding="UTF-8"?>
<TestRun id="e64d1a98-a051-47dd-9539-4116ea693a8d" name="Macbook Air@WIN-DE2CCND9S8P 2014-02-23 13:09:47" runUser="WIN-DE2CCND9S8P\Macbook Air" xmlns="http://microsoft.com/schemas/VisualStudio/TeamTest/2010">
  <TestSettings name="Default Test Settings" id="c88e4b5a-868a-4b28-b3e0-2fe0b70316a2">
    <Execution>
      <TestTypeSpecific />
      <AgentRule name="Execution Agents">
      </AgentRule>
    </Execution>
    <Deployment runDeploymentRoot="Macbook Air_WIN-DE2CCND9S8P 2014-02-23 13_09_47" />
  </TestSettings>
  <Times creation="2014-02-23T13:09:47.3205618+00:00" queuing="2014-02-23T13:09:47.9917015+00:00" start="2014-02-23T13:09:48.1009550+00:00" finish="2014-02-23T13:09:48.6160058+00:00" />
  <ResultSummary outcome="Failed">
    <Counters total="1" executed="1" error="0" failed="1" timeout="0" aborted="0" inconclusive="0" passedButRunAborted="0" notRunnable="0" notExecuted="0" disconnected="0" warning="0" passed="0" completed="0" inProgress="0" pending="0" />
    <RunInfos>
      <RunInfo computerName="WIN-DE2CCND9S8P" outcome="Warning" timestamp="2014-02-23T13:09:47.9604857+00:00">
        <Text>Warning: Test Run deployment issue: The assembly or module 'NLog' directly or indirectly referenced by the test container 'c:\users\macbook air\appdata\local\temp\ninjaturtles\ead3029896154ddd8b0f1ed8a6698c98\checkoutbusinesslogictest.dll' was not found.</Text>
      </RunInfo>
    </RunInfos>
  </ResultSummary>
  <TestDefinitions>
    <UnitTest name="ShouldRegisterTeam" storage="c:\users\macbook air\appdata\local\temp\ninjaturtles\ead3029896154ddd8b0f1ed8a6698c98\checkoutbusinesslogictest.dll" id="d2c824e0-955b-60b4-be1b-00c66ca50157">
      <Execution id="ed861963-8511-43c0-b773-84554d2a2176" />
      <TestMethod codeBase="C:/Users/Macbook Air/AppData/Local/Temp/NinjaTurtles/ead3029896154ddd8b0f1ed8a6698c98/CheckoutBusinessLogicTest.DLL" adapterTypeName="Microsoft.VisualStudio.TestTools.TestTypes.Unit.UnitTestAdapter, Microsoft.VisualStudio.QualityTools.Tips.UnitTest.Adapter, Version=11.0.0.0, Culture=neutral, PublicKeyToken=b03f5f7f11d50a3a" className="CheckoutBusinessLogicTest.TeamRegistrationTest, CheckoutBusinessLogicTest, Version=1.0.0.0, Culture=neutral, PublicKeyToken=null" name="ShouldRegisterTeam" />
    </UnitTest>
  </TestDefinitions>
  <TestLists>
    <TestList name="Results Not in a List" id="8c84fa94-04c1-424b-9868-57a2d4851a1d" />
    <TestList name="All Loaded Results" id="19431567-8539-422a-85d7-44ee4e166bda" />
  </TestLists>
  <TestEntries>
    <TestEntry testId="d2c824e0-955b-60b4-be1b-00c66ca50157" executionId="ed861963-8511-43c0-b773-84554d2a2176" testListId="8c84fa94-04c1-424b-9868-57a2d4851a1d" />
  </TestEntries>
  <Results>
    <UnitTestResult executionId="ed861963-8511-43c0-b773-84554d2a2176" testId="d2c824e0-955b-60b4-be1b-00c66ca50157" testName="ShouldRegisterTeam" computerName="WIN-DE2CCND9S8P" duration="00:00:00.2508295" startTime="2014-02-23T13:09:48.1165626+00:00" endTime="2014-02-23T13:09:48.5691830+00:00" testType="13cdc9d9-ddb5-4fa4-a97d-d965ccfc6d4b" outcome="Failed" testListId="8c84fa94-04c1-424b-9868-57a2d4851a1d" relativeResultsDirectory="ed861963-8511-43c0-b773-84554d2a2176">
      <Output>
        <ErrorInfo>
          <Message>Test method CheckoutBusinessLogicTest.TeamRegistrationTest.ShouldRegisterTeam threw exception: 
System.NullReferenceException: Object reference not set to an instance of an object.</Message>
          <StackTrace>    at CheckoutBusinessLogic.Team.register(ICheckoutClient client, String teamName)
   at CheckoutBusinessLogicTest.TeamRegistrationTest.ShouldRegisterTeam() in c:\Users\Macbook Air\Documents\Visual Studio 2012\Projects\MutationTesting.NET\CheckoutBusinessLogicTest\TeamRegistrationTest.cs:line 37
</StackTrace>
        </ErrorInfo>
      </Output>
    </UnitTestResult>
  </Results>
</TestRun>